<?xml version="1.0" encoding="UTF-8"?>
<!-- Generated by org.testng.reporters.JUnitXMLReporter -->
<testsuite ignored="4" hostname="Admin" failures="0" tests="3" name="Test" time="43.191" errors="0" timestamp="12 Jun 2023 17:01:41 GMT">
  <testcase classname="com.pratical.test.Scenario_1" name="senario1" time="5.738"/>
  <testcase classname="com.pratical.test.Scenario_2" name="senario2" time="17.071"/>
  <testcase classname="com.pratical.test.Scenario_3" name="senario3" time="20.306"/>
  <testcase classname="com.pratical.base.DriverIntialization" name="@BeforeSuite main" time="0.0">
    <ignored/>
  </testcase> <!-- @BeforeSuite main -->
  <testcase classname="com.pratical.base.DriverIntialization" name="@BeforeSuite main" time="0.0">
    <ignored/>
  </testcase> <!-- @BeforeSuite main -->
  <testcase classname="com.pratical.base.DriverIntialization" name="@AfterSuite closeChrome" time="0.0">
    <ignored/>
  </testcase> <!-- @AfterSuite closeChrome -->
  <testcase classname="com.pratical.base.DriverIntialization" name="@AfterSuite closeChrome" time="0.0">
    <ignored/>
  </testcase> <!-- @AfterSuite closeChrome -->
</testsuite> <!-- Test -->
