<?xml version="1.0" encoding="UTF-8"?>
<testng-results ignored="4" total="7" passed="3" failed="0" skipped="0">
  <reporter-output>
  </reporter-output>
  <suite started-at="2023-06-12T17:00:58Z" name="Suite" finished-at="2023-06-12T17:01:41Z" duration-ms="43191">
    <groups>
    </groups>
    <test started-at="2023-06-12T17:00:58Z" name="Test" finished-at="2023-06-12T17:01:41Z" duration-ms="43191">
      <class name="com.pratical.test.Scenario_1">
        <test-method is-config="true" signature="main()[pri:0, instance:com.pratical.test.Scenario_1@26ae880a]" started-at="2023-06-12T17:00:47Z" name="main" finished-at="2023-06-12T17:00:58Z" duration-ms="11431" status="PASS">
          <reporter-output>
          </reporter-output>
        </test-method> <!-- main -->
        <test-method signature="senario1()[pri:0, instance:com.pratical.test.Scenario_1@26ae880a]" started-at="2023-06-12T17:00:58Z" name="senario1" finished-at="2023-06-12T17:01:04Z" duration-ms="5738" status="PASS">
          <reporter-output>
          </reporter-output>
        </test-method> <!-- senario1 -->
        <test-method is-config="true" signature="closeChrome()[pri:0, instance:com.pratical.test.Scenario_1@26ae880a]" started-at="2023-06-12T17:01:41Z" name="closeChrome" finished-at="2023-06-12T17:01:42Z" duration-ms="1122" status="PASS">
          <reporter-output>
          </reporter-output>
        </test-method> <!-- closeChrome -->
      </class> <!-- com.pratical.test.Scenario_1 -->
      <class name="com.pratical.test.Scenario_3">
        <test-method signature="senario3()[pri:0, instance:com.pratical.test.Scenario_3@3c017078]" started-at="2023-06-12T17:01:21Z" name="senario3" finished-at="2023-06-12T17:01:41Z" duration-ms="20306" status="PASS">
          <reporter-output>
          </reporter-output>
        </test-method> <!-- senario3 -->
      </class> <!-- com.pratical.test.Scenario_3 -->
      <class name="com.pratical.test.Scenario_2">
        <test-method signature="senario2()[pri:0, instance:com.pratical.test.Scenario_2@260f2144]" started-at="2023-06-12T17:01:04Z" name="senario2" finished-at="2023-06-12T17:01:21Z" duration-ms="17071" status="PASS">
          <reporter-output>
          </reporter-output>
        </test-method> <!-- senario2 -->
      </class> <!-- com.pratical.test.Scenario_2 -->
    </test> <!-- Test -->
  </suite> <!-- Suite -->
</testng-results>
